Arguments: 
  /home/nsrb/.nvm/versions/node/v16.14.0/bin/node /usr/local/bin/yarn

PATH: 
  /home/nsrb/.local/bin:/home/nsrb/.nvm/versions/node/v16.14.0/bin:/usr/local/sbin:/usr/local/bin:/usr/sbin:/usr/bin:/sbin:/bin:/usr/games:/usr/local/games:/usr/lib/wsl/lib:/mnt/c/Program Files/Microsoft/jdk-11.0.11.9-hotspot/bin:/mnt/c/Python38/Scripts/:/mnt/c/Python38/:/mnt/c/WINDOWS/system32:/mnt/c/WINDOWS:/mnt/c/WINDOWS/System32/Wbem:/mnt/c/WINDOWS/System32/WindowsPowerShell/v1.0/:/mnt/c/WINDOWS/System32/OpenSSH/:/mnt/c/ProgramData/chocolatey/bin:/mnt/c/Program Files/Git/cmd:/mnt/c/Program Files/Git/mingw64/bin:/mnt/c/Program Files/Git/usr/bin:/mnt/c/Program Files/PuTTY/:/mnt/c/Program Files/TortoiseSVN/bin:/mnt/c/Program Files/Pandoc/:/mnt/c/Program Files (x86)/Bitvise SSH Client:/mnt/c/Users/nsrb/AppData/Local/Android/Sdk/platform-tools:/mnt/c/Users/nsrb/AppData/Local/Android/Sdk/emulator:/mnt/c/Program Files/Docker/Docker/resources/bin:/mnt/c/ProgramData/DockerDesktop/version-bin:/mnt/c/Program Files/nodejs/:/mnt/c/Users/nsrb/AppData/Local/Microsoft/WindowsApps:/mnt/c/Users/nsrb/AppData/Local/Programs/Microsoft VS Code/bin:/mnt/c/Program Files/JetBrains/IntelliJ IDEA 2020.3/bin:/mnt/c/Users/nsrb/.dotnet/tools:/mnt/c/Program Files (x86)/mitmproxy/bin:/mnt/c/Users/nsrb/AppData/Roaming/npm:/snap/bin

Yarn version: 
  1.22.10

Node version: 
  16.14.0

Platform: 
  linux x64

Trace: 
  SyntaxError: /home/nsrb/projects/tredabot/idx-helper/package.json: Unexpected token } in JSON at position 622
      at JSON.parse (<anonymous>)
      at /usr/local/lib/node_modules/yarn/lib/cli.js:1625:59
      at Generator.next (<anonymous>)
      at step (/usr/local/lib/node_modules/yarn/lib/cli.js:310:30)
      at /usr/local/lib/node_modules/yarn/lib/cli.js:321:13

npm manifest: 
  {
    "name": "idx-helper",
    "version": "1.0.0",
    "main": "index.js",
    "author": "Nasyarobby NP",
    "license": "mit",
    "scripts": {
      "start": "tsc && node dist/index.js"
    },
    "devDependencies": {
      "@types/mongoose": "^5.11.97",
      "@typescript-eslint/eslint-plugin": "^5.12.0",
      "@typescript-eslint/parser": "^5.11.0",
      "eslint": "^8.9.0",
      "eslint-config-airbnb-base": "^15.0.0",
      "eslint-config-airbnb-typescript": "^16.1.0",
      "eslint-plugin-import": "^2.25.4",
      "eslint-plugin-prettier": "^4.0.0",
      "typescript": "^4.5.5",
      "@types/node": "^17.0.13",
      "@types/systemjs": "^6.1.1",
  },
    "dependencies": {
      "dayjs": "^1.10.7"
    }
  }

yarn manifest: 
  No manifest

Lockfile: 
  # THIS IS AN AUTOGENERATED FILE. DO NOT EDIT THIS FILE DIRECTLY.
  # yarn lockfile v1
  
  
  dayjs@^1.10.7:
    version "1.10.7"
    resolved "https://registry.yarnpkg.com/dayjs/-/dayjs-1.10.7.tgz#2cf5f91add28116748440866a0a1d26f3a6ce468"
    integrity sha512-P6twpd70BcPK34K26uJ1KT3wlhpuOAPoMwJzpsIWUxHZ7wpmbdZL/hQqBDfz7hGurYSa5PhzdhDHtt319hL3ig==
